
=== Fri Dec 10 13:02:18 2021

Packages were changed.
Update Mode: updateDependencies

The following packages were updated:
  com.unity.ads from version 3.6.1 to 3.7.5
  com.unity.analytics from version 3.5.3 to 3.6.11
  com.unity.collab-proxy from version 1.3.9 to 1.9.0
  com.unity.ide.visualstudio from version 2.0.7 to 2.0.11
  com.unity.ide.vscode from version 1.2.3 to 1.2.4
  com.unity.purchasing from version 2.2.2 to 3.2.2
  com.unity.test-framework from version 1.1.22 to 1.1.29
  com.unity.textmeshpro from version 3.0.1 to 3.0.6
  com.unity.timeline from version 1.4.6 to 1.4.8
  com.unity.xr.legacyinputhelpers from version 2.1.7 to 2.1.8

=== Fri Feb 24 10:30:12 2023

Packages were changed.
Update Mode: updateDependencies

The following packages were updated:
  com.unity.analytics from version 3.6.11 to 3.6.12
  com.unity.collab-proxy from version 1.9.0 to 2.0.0
  com.unity.ide.rider from version 2.0.7 to 3.0.18
  com.unity.ide.visualstudio from version 2.0.11 to 2.0.17
  com.unity.ide.vscode from version 1.2.4 to 1.2.5
  com.unity.purchasing from version 3.2.2 to 4.5.2
  com.unity.test-framework from version 1.1.29 to 1.1.33
  com.unity.xr.legacyinputhelpers from version 2.1.8 to 2.1.10
